<?xml version="1.0" encoding="UTF-8"?>
<!-- Generated by org.testng.reporters.JUnitXMLReporter -->
<testsuite ignored="2" hostname="MIDHUNA" failures="1" tests="1" name="Default test(failed)" time="13.671" errors="0" timestamp="2023-04-27T07:39:46 IST">
  <testcase classname="executeClass.HomePageTestClass" name="verifyTheHomePageLogoDisplayedOrNot" time="0.023">
    <failure type="java.lang.IllegalArgumentException" message="Cannot find elements when the XPath is null.">
      <![CDATA[java.lang.IllegalArgumentException: Cannot find elements when the XPath is null.
at org.openqa.selenium.internal.Require$ArgumentChecker.nonNull(Require.java:207)
at org.openqa.selenium.By$ByXPath.<init>(By.java:287)
at org.openqa.selenium.By.xpath(By.java:89)
at utilities.ExplicitWaitClass.presenceOfElementLocatedWaitByXpath(ExplicitWaitClass.java:27)
at elementRepository.HomePage.isLogoDisplayed(HomePage.java:46)
at executeClass.HomePageTestClass.verifyTheHomePageLogoDisplayedOrNot(HomePageTestClass.java:28)
at java.base/java.util.ArrayList.forEach(ArrayList.java:1511)
... Removed 27 stack frames]]>
    </failure>
  </testcase> <!-- verifyTheHomePageLogoDisplayedOrNot -->
  <testcase classname="executeClass.HomePageTestClass" name="verifyTheHomePageDisplayedWhileHittingTheUrl" time="0.0">
    <ignored/>
  </testcase> <!-- verifyTheHomePageDisplayedWhileHittingTheUrl -->
  <testcase classname="executeClass.HomePageTestClass" name="verifyTheHomeTabIsClickableOrNot" time="0.0">
    <ignored/>
  </testcase> <!-- verifyTheHomeTabIsClickableOrNot -->
</testsuite> <!-- Default test(failed) -->
